[ 2016-06-23T00:09:38+08:00 ] ::1 /thinkphp_blog/index.php/Home/Index/logup
ERR: syntax error, unexpected 'public' (T_PUBLIC)

[ 2016-06-23T00:09:38+08:00 ] ::1 /thinkphp_blog/index.php/Home/Index/logup
ERR: syntax error, unexpected 'public' (T_PUBLIC)

[ 2016-06-23T00:14:06+08:00 ] ::1 /thinkphp_blog/index.php/Home/Index/logup
ERR: syntax error, unexpected '$this' (T_VARIABLE)

[ 2016-06-23T00:14:15+08:00 ] ::1 /thinkphp_blog/index.php/Home/Index/logup
ERR: syntax error, unexpected '$this' (T_VARIABLE)

[ 2016-06-23T00:14:19+08:00 ] ::1 /thinkphp_blog/index.php/Home/Index/logup
ERR: syntax error, unexpected '$this' (T_VARIABLE)

[ 2016-06-23T00:14:21+08:00 ] ::1 /thinkphp_blog/index.php/Home/Index/logup
ERR: syntax error, unexpected '$this' (T_VARIABLE)

[ 2016-06-23T00:14:22+08:00 ] ::1 /thinkphp_blog/index.php/Home/Index/logup
ERR: syntax error, unexpected '$this' (T_VARIABLE)

[ 2016-06-23T00:14:22+08:00 ] ::1 /thinkphp_blog/index.php/Home/Index/logup
ERR: syntax error, unexpected '$this' (T_VARIABLE)

[ 2016-06-23T00:14:22+08:00 ] ::1 /thinkphp_blog/index.php/Home/Index/logup
ERR: syntax error, unexpected '$this' (T_VARIABLE)

[ 2016-06-23T00:14:23+08:00 ] ::1 /thinkphp_blog/index.php/Home/Index/logup
ERR: syntax error, unexpected '$this' (T_VARIABLE)

[ 2016-06-23T00:14:23+08:00 ] ::1 /thinkphp_blog/index.php/Home/Index/logup
ERR: syntax error, unexpected '$this' (T_VARIABLE)

[ 2016-06-23T00:35:56+08:00 ] ::1 /thinkphp_blog/index.php/Home/Index/index.php/Home/Index/page
ERR: 非法操作:index.php

