[ 2016-06-24T09:10:14+08:00 ] ::1 /thinkphp_blog/index.php/Home/Index/index.php/Home/Index/logout
ERR: 非法操作:index.php

[ 2016-06-24T22:12:12+08:00 ] ::1 /thinkphp_blog/index.php/home/index/insertmsg
ERR: 1146:Table 'blog.blog_msguser' doesn't exist
 [ SQL语句 ] : SHOW COLUMNS FROM `blog_msguser`
ERR: 1146:Table 'blog.blog_msguser' doesn't exist
 [ SQL语句 ] : SHOW COLUMNS FROM `blog_msguser`

[ 2016-06-24T22:12:13+08:00 ] ::1 /thinkphp_blog/index.php/home/index/insertmsg
ERR: 1146:Table 'blog.blog_msguser' doesn't exist
 [ SQL语句 ] : SHOW COLUMNS FROM `blog_msguser`
ERR: 1146:Table 'blog.blog_msguser' doesn't exist
 [ SQL语句 ] : SHOW COLUMNS FROM `blog_msguser`

[ 2016-06-24T22:12:13+08:00 ] ::1 /thinkphp_blog/index.php/home/index/insertmsg
ERR: 1146:Table 'blog.blog_msguser' doesn't exist
 [ SQL语句 ] : SHOW COLUMNS FROM `blog_msguser`
ERR: 1146:Table 'blog.blog_msguser' doesn't exist
 [ SQL语句 ] : SHOW COLUMNS FROM `blog_msguser`

[ 2016-06-24T22:12:18+08:00 ] ::1 /thinkphp_blog/index.php/home/index/insertmsg
ERR: Call to undefined function Home\Controller\halt()

[ 2016-06-24T22:13:04+08:00 ] ::1 /thinkphp_blog/index.php/home/index/insertmsg
ERR: 1146:Table 'blog.blog_msguser' doesn't exist
 [ SQL语句 ] : SHOW COLUMNS FROM `blog_msguser`
ERR: 1146:Table 'blog.blog_msguser' doesn't exist
 [ SQL语句 ] : SHOW COLUMNS FROM `blog_msguser`

[ 2016-06-24T22:13:05+08:00 ] ::1 /thinkphp_blog/index.php/home/index/insertmsg
ERR: 1146:Table 'blog.blog_msguser' doesn't exist
 [ SQL语句 ] : SHOW COLUMNS FROM `blog_msguser`
ERR: 1146:Table 'blog.blog_msguser' doesn't exist
 [ SQL语句 ] : SHOW COLUMNS FROM `blog_msguser`

[ 2016-06-24T22:15:29+08:00 ] ::1 /thinkphp_blog/index.php/home/index/insertmsg
ERR: 1146:Table 'blog.blog_msguser' doesn't exist
 [ SQL语句 ] : SHOW COLUMNS FROM `blog`.`blog_msguser`
ERR: 1146:Table 'blog.blog_msguser' doesn't exist
 [ SQL语句 ] : SHOW COLUMNS FROM `blog`.`blog_msguser`

[ 2016-06-24T22:18:05+08:00 ] ::1 /thinkphp_blog/index.php/home/index/insertmsg
ERR: 1146:Table 'blog.blog_msguser' doesn't exist
 [ SQL语句 ] : SHOW COLUMNS FROM `blog_msguser`
ERR: 1146:Table 'blog.blog_msguser' doesn't exist
 [ SQL语句 ] : SHOW COLUMNS FROM `blog_msguser`

[ 2016-06-24T22:23:25+08:00 ] ::1 /thinkphp_blog/index.php/home/index/insertmsg
ERR: 1146:Table 'blog.blog_muser' doesn't exist
 [ SQL语句 ] : SHOW COLUMNS FROM `blog`.`blog_muser`
ERR: 1146:Table 'blog.blog_muser' doesn't exist
 [ SQL语句 ] : SHOW COLUMNS FROM `blog`.`blog_muser`

[ 2016-06-24T22:23:26+08:00 ] ::1 /thinkphp_blog/index.php/home/index/insertmsg
ERR: 1146:Table 'blog.blog_muser' doesn't exist
 [ SQL语句 ] : SHOW COLUMNS FROM `blog`.`blog_muser`
ERR: 1146:Table 'blog.blog_muser' doesn't exist
 [ SQL语句 ] : SHOW COLUMNS FROM `blog`.`blog_muser`

[ 2016-06-24T22:23:26+08:00 ] ::1 /thinkphp_blog/index.php/home/index/insertmsg
ERR: 1146:Table 'blog.blog_muser' doesn't exist
 [ SQL语句 ] : SHOW COLUMNS FROM `blog`.`blog_muser`
ERR: 1146:Table 'blog.blog_muser' doesn't exist
 [ SQL语句 ] : SHOW COLUMNS FROM `blog`.`blog_muser`

[ 2016-06-24T22:26:06+08:00 ] ::1 /thinkphp_blog/index.php/home/index/insertmsg
ERR: 1146:Table 'blog.blog_muser' doesn't exist
 [ SQL语句 ] : SHOW COLUMNS FROM `blog`.`blog_muser`
ERR: 1146:Table 'blog.blog_muser' doesn't exist
 [ SQL语句 ] : SHOW COLUMNS FROM `blog`.`blog_muser`

[ 2016-06-24T22:26:28+08:00 ] ::1 /thinkphp_blog/index.php/home/index/insertmsg
ERR: 1146:Table 'blog.blg_user' doesn't exist
 [ SQL语句 ] : SHOW COLUMNS FROM `blog`.`blg_user`
ERR: 1146:Table 'blog.blg_user' doesn't exist
 [ SQL语句 ] : SHOW COLUMNS FROM `blog`.`blg_user`

[ 2016-06-24T22:26:47+08:00 ] ::1 /thinkphp_blog/index.php/home/index/insertmsg
ERR: 1146:Table 'blog.blg_user' doesn't exist
 [ SQL语句 ] : SHOW COLUMNS FROM `blog`.`blg_user`
ERR: 1146:Table 'blog.blg_user' doesn't exist
 [ SQL语句 ] : SHOW COLUMNS FROM `blog`.`blg_user`

[ 2016-06-24T22:26:47+08:00 ] ::1 /thinkphp_blog/index.php/home/index/insertmsg
ERR: 1146:Table 'blog.blg_user' doesn't exist
 [ SQL语句 ] : SHOW COLUMNS FROM `blog`.`blg_user`
ERR: 1146:Table 'blog.blg_user' doesn't exist
 [ SQL语句 ] : SHOW COLUMNS FROM `blog`.`blg_user`

[ 2016-06-24T22:27:53+08:00 ] ::1 /thinkphp_blog/index.php/home/index/insertmsg
ERR: 1146:Table 'blog.blg_user' doesn't exist
 [ SQL语句 ] : SHOW COLUMNS FROM `blog`.`blg_user`
ERR: 1146:Table 'blog.blg_user' doesn't exist
 [ SQL语句 ] : SHOW COLUMNS FROM `blog`.`blg_user`

[ 2016-06-24T22:27:53+08:00 ] ::1 /thinkphp_blog/index.php/home/index/insertmsg
ERR: 1146:Table 'blog.blg_user' doesn't exist
 [ SQL语句 ] : SHOW COLUMNS FROM `blog`.`blg_user`
ERR: 1146:Table 'blog.blg_user' doesn't exist
 [ SQL语句 ] : SHOW COLUMNS FROM `blog`.`blg_user`

[ 2016-06-24T22:27:54+08:00 ] ::1 /thinkphp_blog/index.php/home/index/insertmsg
ERR: 1146:Table 'blog.blg_user' doesn't exist
 [ SQL语句 ] : SHOW COLUMNS FROM `blog`.`blg_user`
ERR: 1146:Table 'blog.blg_user' doesn't exist
 [ SQL语句 ] : SHOW COLUMNS FROM `blog`.`blg_user`

[ 2016-06-24T22:27:54+08:00 ] ::1 /thinkphp_blog/index.php/home/index/insertmsg
ERR: 1146:Table 'blog.blg_user' doesn't exist
 [ SQL语句 ] : SHOW COLUMNS FROM `blog`.`blg_user`
ERR: 1146:Table 'blog.blg_user' doesn't exist
 [ SQL语句 ] : SHOW COLUMNS FROM `blog`.`blg_user`

[ 2016-06-24T22:27:54+08:00 ] ::1 /thinkphp_blog/index.php/home/index/insertmsg
ERR: 1146:Table 'blog.blg_user' doesn't exist
 [ SQL语句 ] : SHOW COLUMNS FROM `blog`.`blg_user`
ERR: 1146:Table 'blog.blg_user' doesn't exist
 [ SQL语句 ] : SHOW COLUMNS FROM `blog`.`blg_user`

[ 2016-06-24T22:31:32+08:00 ] ::1 /thinkphp_blog/index.php/home/index/insertmsg
ERR: 1146:Table 'blog.blg_user' doesn't exist
 [ SQL语句 ] : SHOW COLUMNS FROM `blog`.`blg_user`
ERR: 1146:Table 'blog.blg_user' doesn't exist
 [ SQL语句 ] : SHOW COLUMNS FROM `blog`.`blg_user`

[ 2016-06-24T22:31:32+08:00 ] ::1 /thinkphp_blog/index.php/home/index/insertmsg
ERR: 1146:Table 'blog.blg_user' doesn't exist
 [ SQL语句 ] : SHOW COLUMNS FROM `blog`.`blg_user`
ERR: 1146:Table 'blog.blg_user' doesn't exist
 [ SQL语句 ] : SHOW COLUMNS FROM `blog`.`blg_user`

[ 2016-06-24T22:31:32+08:00 ] ::1 /thinkphp_blog/index.php/home/index/insertmsg
ERR: 1146:Table 'blog.blg_user' doesn't exist
 [ SQL语句 ] : SHOW COLUMNS FROM `blog`.`blg_user`
ERR: 1146:Table 'blog.blg_user' doesn't exist
 [ SQL语句 ] : SHOW COLUMNS FROM `blog`.`blg_user`

[ 2016-06-24T22:31:32+08:00 ] ::1 /thinkphp_blog/index.php/home/index/insertmsg
ERR: 1146:Table 'blog.blg_user' doesn't exist
 [ SQL语句 ] : SHOW COLUMNS FROM `blog`.`blg_user`
ERR: 1146:Table 'blog.blg_user' doesn't exist
 [ SQL语句 ] : SHOW COLUMNS FROM `blog`.`blg_user`

[ 2016-06-24T22:31:32+08:00 ] ::1 /thinkphp_blog/index.php/home/index/insertmsg
ERR: 1146:Table 'blog.blg_user' doesn't exist
 [ SQL语句 ] : SHOW COLUMNS FROM `blog`.`blg_user`
ERR: 1146:Table 'blog.blg_user' doesn't exist
 [ SQL语句 ] : SHOW COLUMNS FROM `blog`.`blg_user`

[ 2016-06-24T22:31:32+08:00 ] ::1 /thinkphp_blog/index.php/home/index/insertmsg
ERR: 1146:Table 'blog.blg_user' doesn't exist
 [ SQL语句 ] : SHOW COLUMNS FROM `blog`.`blg_user`
ERR: 1146:Table 'blog.blg_user' doesn't exist
 [ SQL语句 ] : SHOW COLUMNS FROM `blog`.`blg_user`

[ 2016-06-24T22:33:22+08:00 ] ::1 /thinkphp_blog/index.php/home/index/insertmsg
ERR: 1146:Table 'blog.blg_user' doesn't exist
 [ SQL语句 ] : SHOW COLUMNS FROM `blog`.`blg_user`
ERR: 1146:Table 'blog.blg_user' doesn't exist
 [ SQL语句 ] : SHOW COLUMNS FROM `blog`.`blg_user`

[ 2016-06-24T22:33:23+08:00 ] ::1 /thinkphp_blog/index.php/home/index/insertmsg
ERR: 1146:Table 'blog.blg_user' doesn't exist
 [ SQL语句 ] : SHOW COLUMNS FROM `blog`.`blg_user`
ERR: 1146:Table 'blog.blg_user' doesn't exist
 [ SQL语句 ] : SHOW COLUMNS FROM `blog`.`blg_user`

[ 2016-06-24T22:33:23+08:00 ] ::1 /thinkphp_blog/index.php/home/index/insertmsg
ERR: 1146:Table 'blog.blg_user' doesn't exist
 [ SQL语句 ] : SHOW COLUMNS FROM `blog`.`blg_user`
ERR: 1146:Table 'blog.blg_user' doesn't exist
 [ SQL语句 ] : SHOW COLUMNS FROM `blog`.`blg_user`

[ 2016-06-24T22:33:23+08:00 ] ::1 /thinkphp_blog/index.php/home/index/insertmsg
ERR: 1146:Table 'blog.blg_user' doesn't exist
 [ SQL语句 ] : SHOW COLUMNS FROM `blog`.`blg_user`
ERR: 1146:Table 'blog.blg_user' doesn't exist
 [ SQL语句 ] : SHOW COLUMNS FROM `blog`.`blg_user`

[ 2016-06-24T22:35:34+08:00 ] ::1 /thinkphp_blog/index.php/home/index/logupcheck
ERR: 1146:Table 'blog.user' doesn't exist
 [ SQL语句 ] : SHOW COLUMNS FROM `user`
ERR: 1146:Table 'blog.user' doesn't exist
 [ SQL语句 ] : SHOW COLUMNS FROM `user`

[ 2016-06-24T22:35:44+08:00 ] ::1 /thinkphp_blog/index.php/home/index/logupcheck
ERR: 1146:Table 'blog.blog_' doesn't exist
 [ SQL语句 ] : SHOW COLUMNS FROM `blog_`
ERR: 1146:Table 'blog.blog_' doesn't exist
 [ SQL语句 ] : SHOW COLUMNS FROM `blog_`

[ 2016-06-24T22:35:59+08:00 ] ::1 /thinkphp_blog/index.php/home/index/logupcheck
ERR: 1146:Table 'blog.blg_user' doesn't exist
 [ SQL语句 ] : SHOW COLUMNS FROM `blg_user`
ERR: 1146:Table 'blog.blg_user' doesn't exist
 [ SQL语句 ] : SHOW COLUMNS FROM `blg_user`

